Using Theano backend.
Using gpu device 0: GeForce GTX 960 (CNMeM is enabled with initial size: 40.0% of memory, cuDNN 5105)
/home/jmiller/anaconda2/lib/python2.7/site-packages/theano/sandbox/cuda/__init__.py:600: UserWarning: Your cuDNN version is more recent than the one Theano officially supports. If you see any problems, try updating Theano or downgrading cuDNN to version 5.
  warnings.warn(warn)
Start Time is: 13:06:51
Train batch size: 20
Validation batch size: 6
Model loaded.
##### Augmenting Images #####
Found 3594 images belonging to 2 classes.
Found 603 images belonging to 2 classes.
##### Training Model #####
Epoch 1/200
Epoch 00000: val_loss improved from inf to 0.50635, saving model to /home/jmiller/Dropbox/cnn_stuff/models/092916/transVGG.hdf5
279s - loss: 0.4337 - acc: 0.8589 - val_loss: 0.5063 - val_acc: 0.7976
Epoch 2/200
Epoch 00001: val_loss did not improve
280s - loss: 0.4008 - acc: 0.8589 - val_loss: 0.5445 - val_acc: 0.7725
Epoch 3/200
Epoch 00002: val_loss improved from 0.50635 to 0.48278, saving model to /home/jmiller/Dropbox/cnn_stuff/models/092916/transVGG.hdf5
280s - loss: 0.3927 - acc: 0.8589 - val_loss: 0.4828 - val_acc: 0.8044
Epoch 4/200
Epoch 00003: val_loss did not improve
273s - loss: 0.3837 - acc: 0.8589 - val_loss: 0.5003 - val_acc: 0.7864
Epoch 5/200
Epoch 00004: val_loss did not improve
263s - loss: 0.3731 - acc: 0.8589 - val_loss: 0.4998 - val_acc: 0.7764
Epoch 6/200
Epoch 00005: val_loss improved from 0.48278 to 0.43714, saving model to /home/jmiller/Dropbox/cnn_stuff/models/092916/transVGG.hdf5
259s - loss: 0.3608 - acc: 0.8589 - val_loss: 0.4371 - val_acc: 0.8044
Epoch 7/200
Epoch 00006: val_loss did not improve
260s - loss: 0.3463 - acc: 0.8589 - val_loss: 0.4434 - val_acc: 0.7984
Epoch 8/200
Epoch 00007: val_loss improved from 0.43714 to 0.43195, saving model to /home/jmiller/Dropbox/cnn_stuff/models/092916/transVGG.hdf5
259s - loss: 0.3307 - acc: 0.8589 - val_loss: 0.4319 - val_acc: 0.7844
Epoch 9/200
Epoch 00008: val_loss improved from 0.43195 to 0.41065, saving model to /home/jmiller/Dropbox/cnn_stuff/models/092916/transVGG.hdf5
259s - loss: 0.3102 - acc: 0.8592 - val_loss: 0.4107 - val_acc: 0.7904
Epoch 10/200
Epoch 00009: val_loss did not improve
260s - loss: 0.2872 - acc: 0.8698 - val_loss: 0.4119 - val_acc: 0.7837
Epoch 11/200
Epoch 00010: val_loss improved from 0.41065 to 0.35939, saving model to /home/jmiller/Dropbox/cnn_stuff/models/092916/transVGG.hdf5
260s - loss: 0.2652 - acc: 0.8884 - val_loss: 0.3594 - val_acc: 0.8383
Epoch 12/200
Epoch 00011: val_loss did not improve
260s - loss: 0.2515 - acc: 0.8984 - val_loss: 0.3799 - val_acc: 0.8343
Epoch 13/200
Epoch 00012: val_loss improved from 0.35939 to 0.34469, saving model to /home/jmiller/Dropbox/cnn_stuff/models/092916/transVGG.hdf5
258s - loss: 0.2385 - acc: 0.9037 - val_loss: 0.3447 - val_acc: 0.8463
Epoch 14/200
Epoch 00013: val_loss improved from 0.34469 to 0.34046, saving model to /home/jmiller/Dropbox/cnn_stuff/models/092916/transVGG.hdf5
260s - loss: 0.2221 - acc: 0.9151 - val_loss: 0.3405 - val_acc: 0.8762
Epoch 15/200
Epoch 00014: val_loss improved from 0.34046 to 0.33090, saving model to /home/jmiller/Dropbox/cnn_stuff/models/092916/transVGG.hdf5
262s - loss: 0.2170 - acc: 0.9143 - val_loss: 0.3309 - val_acc: 0.8623
Epoch 16/200
Epoch 00015: val_loss improved from 0.33090 to 0.29610, saving model to /home/jmiller/Dropbox/cnn_stuff/models/092916/transVGG.hdf5
259s - loss: 0.2051 - acc: 0.9162 - val_loss: 0.2961 - val_acc: 0.8902
Epoch 17/200
Epoch 00016: val_loss improved from 0.29610 to 0.27600, saving model to /home/jmiller/Dropbox/cnn_stuff/models/092916/transVGG.hdf5
260s - loss: 0.1936 - acc: 0.9268 - val_loss: 0.2760 - val_acc: 0.8882
Epoch 18/200
Epoch 00017: val_loss did not improve
260s - loss: 0.1958 - acc: 0.9240 - val_loss: 0.2997 - val_acc: 0.8942
Epoch 19/200
Epoch 00018: val_loss did not improve
260s - loss: 0.1838 - acc: 0.9299 - val_loss: 0.2871 - val_acc: 0.8889
Epoch 20/200
Epoch 00019: val_loss did not improve
259s - loss: 0.1751 - acc: 0.9360 - val_loss: 0.2922 - val_acc: 0.8909
Epoch 21/200
Epoch 00020: val_loss did not improve
259s - loss: 0.1738 - acc: 0.9346 - val_loss: 0.2848 - val_acc: 0.9022
Epoch 22/200
Epoch 00021: val_loss did not improve
259s - loss: 0.1718 - acc: 0.9371 - val_loss: 0.2787 - val_acc: 0.8982
Epoch 23/200
Epoch 00022: val_loss improved from 0.27600 to 0.24235, saving model to /home/jmiller/Dropbox/cnn_stuff/models/092916/transVGG.hdf5
260s - loss: 0.1691 - acc: 0.9321 - val_loss: 0.2423 - val_acc: 0.9082
Epoch 24/200
Epoch 00023: val_loss did not improve
261s - loss: 0.1659 - acc: 0.9371 - val_loss: 0.2951 - val_acc: 0.8822
Epoch 25/200
Epoch 00024: val_loss improved from 0.24235 to 0.21711, saving model to /home/jmiller/Dropbox/cnn_stuff/models/092916/transVGG.hdf5
261s - loss: 0.1620 - acc: 0.9360 - val_loss: 0.2171 - val_acc: 0.9202
Epoch 26/200
Epoch 00025: val_loss did not improve
259s - loss: 0.1538 - acc: 0.9424 - val_loss: 0.3007 - val_acc: 0.8882
Epoch 27/200
Epoch 00026: val_loss did not improve
260s - loss: 0.1563 - acc: 0.9427 - val_loss: 0.2703 - val_acc: 0.9062
Epoch 28/200
Epoch 00027: val_loss did not improve
259s - loss: 0.1585 - acc: 0.9413 - val_loss: 0.2481 - val_acc: 0.9242
Epoch 29/200
Epoch 00028: val_loss did not improve
259s - loss: 0.1555 - acc: 0.9405 - val_loss: 0.2398 - val_acc: 0.9167
Epoch 30/200
Epoch 00029: val_loss did not improve
259s - loss: 0.1471 - acc: 0.9477 - val_loss: 0.2511 - val_acc: 0.9147
Epoch 31/200
Epoch 00030: val_loss did not improve
261s - loss: 0.1488 - acc: 0.9446 - val_loss: 0.2483 - val_acc: 0.9202
Epoch 32/200
Epoch 00031: val_loss did not improve
259s - loss: 0.1463 - acc: 0.9477 - val_loss: 0.2213 - val_acc: 0.9261
Epoch 33/200
Epoch 00032: val_loss did not improve
260s - loss: 0.1428 - acc: 0.9460 - val_loss: 0.2525 - val_acc: 0.9222
Epoch 34/200
Epoch 00033: val_loss did not improve
259s - loss: 0.1440 - acc: 0.9491 - val_loss: 0.2654 - val_acc: 0.9182
Epoch 35/200
Epoch 00034: val_loss did not improve
261s - loss: 0.1437 - acc: 0.9455 - val_loss: 0.2214 - val_acc: 0.9281
Epoch 36/200
Epoch 00035: early stopping
Epoch 00035: val_loss did not improve
259s - loss: 0.1422 - acc: 0.9469 - val_loss: 0.2308 - val_acc: 0.9301
